date: "2014-10-30 09:53:45.993"
argv: "d:\\Program Files (x86)\\nodejs\\node.exe c:\\Users\\Administrator\\AppData\\Roaming\\npm\\node_modules\\hexo\\bin\\hexo g"
os: Windows_NT 6.1.7601 win32 ia32
versions:
  http_parser: "1.0"
  node: 0.10.33
  v8: 3.14.5.9
  ares: 1.9.0-DEV
  uv: 0.10.29
  zlib: 1.2.3
  modules: "11"
  openssl: 1.0.1j
  hexo: 2.8.3
---
[debug] 09:53:45.540 Config file loaded from d:\Code\hexo\_config.yml[debug] 09:53:45.543 Version info checked successfully[debug] 09:53:45.566 Loading database.[debug] 09:53:45.604 Processed: page.md (1ms)[debug] 09:53:45.604 Processed: draft.md (1ms)[debug] 09:53:45.605 Processed: photo.md (0ms)[debug] 09:53:45.605 Processed: post.md (1ms)[debug] 09:53:45.620 Plugin loaded successfully: hexo-renderer-ejs[debug] 09:53:45.638 Plugin loaded successfully: hexo-renderer-marked[debug] 09:53:45.811 Plugin loaded successfully: hexo-renderer-stylus[debug] 09:53:45.814 Script load successfully: fancybox.js[debug] 09:53:45.832 Processed: _posts/hello-world.md (6ms)[debug] 09:53:45.833 Processed: _posts/my-new-post.md (1ms)[debug] 09:53:45.855 Processed: source/404.html (0ms)[debug] 09:53:45.855 Processed: source/images/github.jpg (0ms)[debug] 09:53:45.856 Processed: source/js/gotop.js (1ms)[debug] 09:53:45.856 Processed: source/js/jquery.min.js (0ms)[debug] 09:53:45.856 Processed: source/js/script.js (0ms)[debug] 09:53:45.856 Processed: source/js/toc_aside_toggle.js (0ms)[debug] 09:53:45.856 Processed: source/css/_extend.styl (0ms)[debug] 09:53:45.856 Processed: source/css/_variables.styl (0ms)[debug] 09:53:45.857 Processed: source/css/style.styl (1ms)[debug] 09:53:45.857 Processed: source/css/_partial/about-me.styl (0ms)[debug] 09:53:45.857 Processed: source/css/_partial/archive.styl (0ms)[debug] 09:53:45.857 Processed: source/css/_partial/article.styl (0ms)[debug] 09:53:45.857 Processed: source/css/_partial/bottom-btn.styl (0ms)[debug] 09:53:45.857 Processed: source/css/_partial/calendar.styl (0ms)[debug] 09:53:45.857 Processed: source/css/_partial/comment.styl (0ms)[debug] 09:53:45.857 Processed: source/css/_partial/footer.styl (0ms)[debug] 09:53:45.857 Processed: source/css/_partial/header.styl (0ms)[debug] 09:53:45.857 Processed: source/css/_partial/highlight.styl (0ms)[debug] 09:53:45.857 Processed: source/css/_partial/mobile.styl (0ms)[debug] 09:53:45.857 Processed: source/css/_partial/scrollbar.styl (0ms)[debug] 09:53:45.857 Processed: source/css/_partial/sidebar-aside.styl (0ms)[debug] 09:53:45.857 Processed: source/css/_partial/sidebar-bottom.styl (0ms)[debug] 09:53:45.858 Processed: source/css/_partial/sidebar.styl (1ms)[debug] 09:53:45.858 Processed: source/css/_partial/toc.styl (0ms)[debug] 09:53:45.858 Processed: source/css/_util/grid.styl (0ms)[debug] 09:53:45.858 Processed: source/css/_util/mixin.styl (0ms)[debug] 09:53:45.858 Processed: source/css/fonts/FontAwesome.otf (0ms)[debug] 09:53:45.858 Processed: source/css/fonts/fontawesome-webfont.eot (0ms)[debug] 09:53:45.859 Processed: source/css/fonts/fontawesome-webfont.svg (1ms)[debug] 09:53:45.859 Processed: source/css/fonts/fontawesome-webfont.ttf (0ms)[debug] 09:53:45.859 Processed: source/css/fonts/fontawesome-webfont.woff (0ms)[debug] 09:53:45.859 Processed: source/css/images/banner.jpg (0ms)[debug] 09:53:45.859 Processed: source/css/images/bg.png (0ms)[debug] 09:53:45.860 Processed: source/fancybox/blank.gif (1ms)[debug] 09:53:45.860 Processed: source/fancybox/fancybox_loading.gif (0ms)[debug] 09:53:45.860 Processed: source/fancybox/fancybox_loading@2x.gif (0ms)[debug] 09:53:45.860 Processed: source/fancybox/fancybox_overlay.png (0ms)[debug] 09:53:45.860 Processed: source/fancybox/fancybox_sprite.png (0ms)[debug] 09:53:45.860 Processed: source/fancybox/fancybox_sprite@2x.png (0ms)[debug] 09:53:45.861 Processed: source/fancybox/jquery.fancybox.css (0ms)[debug] 09:53:45.861 Processed: source/fancybox/jquery.fancybox.js (0ms)[debug] 09:53:45.861 Processed: source/fancybox/jquery.fancybox.pack.js (0ms)[debug] 09:53:45.861 Processed: source/fancybox/helpers/fancybox_buttons.png (0ms)[debug] 09:53:45.861 Processed: source/fancybox/helpers/jquery.fancybox-buttons.css (0ms)[debug] 09:53:45.861 Processed: source/fancybox/helpers/jquery.fancybox-buttons.js (0ms)[debug] 09:53:45.866 Processed: source/fancybox/helpers/jquery.fancybox-media.js (5ms)[debug] 09:53:45.866 Processed: source/fancybox/helpers/jquery.fancybox-thumbs.css (0ms)[debug] 09:53:45.866 Processed: source/fancybox/helpers/jquery.fancybox-thumbs.js (0ms)[debug] 09:53:45.868 Processed: layout/archive.ejs (21ms)[debug] 09:53:45.868 Processed: layout/category.ejs (21ms)[debug] 09:53:45.868 Processed: layout/index.ejs (20ms)[debug] 09:53:45.868 Processed: layout/layout.ejs (20ms)[debug] 09:53:45.868 Processed: layout/page.ejs (20ms)[debug] 09:53:45.868 Processed: layout/post.ejs (20ms)[debug] 09:53:45.868 Processed: layout/tag.ejs (20ms)[debug] 09:53:45.868 Processed: layout/_widget/about_me.ejs (20ms)[debug] 09:53:45.868 Processed: layout/_widget/archive.ejs (16ms)[debug] 09:53:45.868 Processed: layout/_widget/calendar.ejs (16ms)[debug] 09:53:45.868 Processed: layout/_widget/category.ejs (16ms)[debug] 09:53:45.868 Processed: layout/_widget/duoshuo_recent_comments.ejs (16ms)[debug] 09:53:45.868 Processed: layout/_widget/links.ejs (16ms)[debug] 09:53:45.868 Processed: layout/_widget/recent_posts.ejs (16ms)[debug] 09:53:45.868 Processed: layout/_widget/tag.ejs (16ms)[debug] 09:53:45.868 Processed: layout/_widget/tagcloud.ejs (16ms)[debug] 09:53:45.869 Processed: layout/_partial/after-footer.ejs (16ms)[debug] 09:53:45.869 Processed: layout/_partial/archive-post.ejs (16ms)[debug] 09:53:45.869 Processed: layout/_partial/archive.ejs (16ms)[debug] 09:53:45.869 Processed: layout/_partial/article.ejs (16ms)[debug] 09:53:45.869 Processed: layout/_partial/bottom-btn.ejs (16ms)[debug] 09:53:45.869 Processed: layout/_partial/footer.ejs (15ms)[debug] 09:53:45.869 Processed: layout/_partial/google-analytics.ejs (15ms)[debug] 09:53:45.869 Processed: layout/_partial/head.ejs (15ms)[debug] 09:53:45.869 Processed: layout/_partial/header.ejs (15ms)[debug] 09:53:45.869 Processed: layout/_partial/mobile-nav.ejs (15ms)[debug] 09:53:45.869 Processed: layout/_partial/sidebar.ejs (15ms)[debug] 09:53:45.869 Processed: layout/_partial/post/category.ejs (15ms)[debug] 09:53:45.869 Processed: layout/_partial/post/date.ejs (15ms)[debug] 09:53:45.869 Processed: layout/_partial/post/gallery.ejs (15ms)[debug] 09:53:45.869 Processed: layout/_partial/post/nav.ejs (15ms)[debug] 09:53:45.869 Processed: layout/_partial/post/tag.ejs (14ms)[debug] 09:53:45.869 Processed: layout/_partial/post/title.ejs (14ms)[debug] 09:53:45.872 Theme config loaded[debug] 09:53:45.872 Processed: _config.yml (26ms)[debug] 09:53:45.873 Processed: languages/default.yml (26ms)[debug] 09:53:45.873 Processed: languages/zh-CN.yml (26ms)[debug] 09:53:45.873 Processed: languages/zh-TW.yml (26ms)[debug] 09:53:45.880 Generator: archive (4ms)[debug] 09:53:45.880 Generator: category (0ms)[debug] 09:53:45.881 Generator: home (1ms)[debug] 09:53:45.882 Generator: page (0ms)[debug] 09:53:45.883 Generator: post (1ms)[debug] 09:53:45.883 Generator: tag (0ms)[debug] 09:53:45.886 Generator: asset (3ms)[info] 09:53:45.886 Files loaded in 0.072s[debug] 09:53:45.892 Render archive: archives/[delete] 09:53:45.895 Deleted: js\script.js[delete] 09:53:45.896 Deleted: categories\blog\index.html[delete] 09:53:45.896 Deleted: css\style.css[delete] 09:53:45.897 Deleted: css\fonts\FontAwesome.otf[delete] 09:53:45.897 Deleted: css\fonts\fontawesome-webfont.eot[delete] 09:53:45.897 Deleted: css\fonts\fontawesome-webfont.svg[delete] 09:53:45.897 Deleted: css\fonts\fontawesome-webfont.ttf[delete] 09:53:45.897 Deleted: css\fonts\fontawesome-webfont.woff[delete] 09:53:45.898 Deleted: css\images\banner.jpg[delete] 09:53:45.898 Deleted: fancybox\blank.gif[delete] 09:53:45.898 Deleted: fancybox\fancybox_loading.gif[delete] 09:53:45.898 Deleted: fancybox\fancybox_loading@2x.gif[delete] 09:53:45.898 Deleted: fancybox\fancybox_overlay.png[delete] 09:53:45.907 Deleted: fancybox\fancybox_sprite.png[delete] 09:53:45.908 Deleted: fancybox\fancybox_sprite@2x.png[delete] 09:53:45.908 Deleted: fancybox\jquery.fancybox.css[delete] 09:53:45.909 Deleted: fancybox\jquery.fancybox.pack.js[delete] 09:53:45.909 Deleted: fancybox\helpers\fancybox_buttons.png[delete] 09:53:45.909 Deleted: fancybox\helpers\jquery.fancybox-buttons.js[delete] 09:53:45.909 Deleted: fancybox\helpers\jquery.fancybox-thumbs.css[delete] 09:53:45.910 Deleted: fancybox\helpers\jquery.fancybox-media.js[delete] 09:53:45.910 Deleted: fancybox\helpers\jquery.fancybox-thumbs.js[delete] 09:53:45.910 Deleted: archives\2014\index.html[delete] 09:53:45.910 Deleted: archives\2014\10\index.html[delete] 09:53:45.910 Deleted: 2014\10\29\my-new-post\index.html[delete] 09:53:45.911 Deleted: 2014\10\29\hello-world\index.html[delete] 09:53:45.911 Deleted: fancybox\jquery.fancybox.js[delete] 09:53:45.911 Deleted: archives\index.html[delete] 09:53:45.911 Deleted: fancybox\helpers\jquery.fancybox-buttons.css[create] 09:53:45.936 Generated: archives/index.html (44ms)[debug] 09:53:45.937 Render archive: archives/2014/[create] 09:53:45.951 Generated: archives/2014/index.html (14ms)[debug] 09:53:45.952 Render archive: archives/2014/10/[create] 09:53:45.963 Generated: archives/2014/10/index.html (11ms)[debug] 09:53:45.964 Render category: categories/blog/[error] 09:53:45.986 HexoError: Render failed: categories/blog/index.html
ReferenceError: d:\Code\hexo\themes\landscape-f\layout\layout.ejs:9
    7|         <section id="main"><%- body %></section>
    8|         <% if (theme.sidebar && theme.sidebar !== 'bottom'){ %>
 >> 9|           <%- partial('_partial/sidebar') %>
    10|         <% } %>
    11|       </div>
    12|       <%- partial('_partial/footer') %>

d:\Code\hexo\themes\landscape-f\layout\_partial\sidebar.ejs:12
    10| <% } else { %>
    11|   <% theme.widgets.forEach(function(widget){ %>
 >> 12|     <%- partial('_widget/' + widget) %>
    13|   <% }) %>
    14| <% } %>
    15| </aside>

d:\Code\hexo\themes\landscape-f\layout\_widget\calendar.ejs:79
    77|         var postdate = new Date("<%= page.date %>"); 
    78| 		if (<%- is_post() %> && postdate.getFullYear() == year && postdate.getMonth() == month) { 
 >> 79| 			html += '<%- current_month_calendar() %>';
    80| 		} else {
    81| 			for(var j=0;j<final_date;j++){        
    82| 				html+='<span id="d'+(j+1)+'">'+(j+1)+'</span>';

current_month_calendar is not defined
    at eval (eval at <anonymous> (d:\Code\hexo\node_modules\hexo-renderer-ejs\node_modules\ejs\lib\ejs.js:242:14), <anonymous>:29:3468)
    at eval (eval at <anonymous> (d:\Code\hexo\node_modules\hexo-renderer-ejs\node_modules\ejs\lib\ejs.js:242:14), <anonymous>:29:6792)
    at d:\Code\hexo\node_modules\hexo-renderer-ejs\node_modules\ejs\lib\ejs.js:255:15
    at Object.exports.render (d:\Code\hexo\node_modules\hexo-renderer-ejs\node_modules\ejs\lib\ejs.js:293:13)
    at d:\Code\hexo\node_modules\hexo-renderer-ejs\index.js:5:14
    at Object.exports.renderSync (c:\Users\Administrator\AppData\Roaming\npm\node_modules\hexo\lib\core\render.js:133:12)
    at View.renderSync (c:\Users\Administrator\AppData\Roaming\npm\node_modules\hexo\lib\theme\view.js:183:28)
    at partial (c:\Users\Administrator\AppData\Roaming\npm\node_modules\hexo\lib\plugins\helper\partial.js:29:17)
    at Object.module.exports (c:\Users\Administrator\AppData\Roaming\npm\node_modules\hexo\lib\plugins\helper\partial.js:37:12)
    at __stack.lineno (eval at <anonymous> (d:\Code\hexo\node_modules\hexo-renderer-ejs\node_modules\ejs\lib\ejs.js:242:14), <anonymous>:29:720)
